<?xml version="1.0" encoding="UTF-8"?>
<testng-results ignored="0" total="1" passed="1" failed="0" skipped="0">
  <reporter-output>
  </reporter-output>
  <suite started-at="2023-07-14T17:44:28 IST" name="Default suite" finished-at="2023-07-14T17:44:33 IST" duration-ms="4380">
    <groups>
    </groups>
    <test started-at="2023-07-14T17:44:28 IST" name="Default test" finished-at="2023-07-14T17:44:33 IST" duration-ms="4380">
      <class name="Demo.GoogleDemo">
        <test-method is-config="true" signature="beforeTest()[pri:0, instance:Demo.GoogleDemo@2e385cce]" started-at="2023-07-14T17:44:28 IST" name="beforeTest" finished-at="2023-07-14T17:44:31 IST" duration-ms="2584" status="PASS">
          <reporter-output>
          </reporter-output>
        </test-method> <!-- beforeTest -->
        <test-method signature="login()[pri:0, instance:Demo.GoogleDemo@2e385cce]" started-at="2023-07-14T17:44:31 IST" name="login" finished-at="2023-07-14T17:44:32 IST" duration-ms="1710" status="PASS">
          <reporter-output>
          </reporter-output>
        </test-method> <!-- login -->
        <test-method is-config="true" signature="afterTest()[pri:0, instance:Demo.GoogleDemo@2e385cce]" started-at="2023-07-14T17:44:33 IST" name="afterTest" finished-at="2023-07-14T17:44:33 IST" duration-ms="1" status="PASS">
          <reporter-output>
          </reporter-output>
        </test-method> <!-- afterTest -->
      </class> <!-- Demo.GoogleDemo -->
    </test> <!-- Default test -->
  </suite> <!-- Default suite -->
</testng-results>
